Message[303] C:\USERS\CAMILO\DOCUMENTS\DOCUMENTS\CAMILO\MICROCONTROLADORES\I_2017\CONTADORLAB1\CONTA.X\CONVERSOR.ASM 13 : Program word too large.  Truncated to core size. (E234)
Message[303] C:\USERS\CAMILO\DOCUMENTS\DOCUMENTS\CAMILO\MICROCONTROLADORES\I_2017\CONTADORLAB1\CONTA.X\CONVERSOR.ASM 14 : Program word too large.  Truncated to core size. (FEFF)
Message[302] C:\USERS\CAMILO\DOCUMENTS\DOCUMENTS\CAMILO\MICROCONTROLADORES\I_2017\CONTADORLAB1\CONTA.X\CONVERSOR.ASM 41 : Register in operand not in bank 0.  Ensure that bank bits are correct.
Message[302] C:\USERS\CAMILO\DOCUMENTS\DOCUMENTS\CAMILO\MICROCONTROLADORES\I_2017\CONTADORLAB1\CONTA.X\CONVERSOR.ASM 43 : Register in operand not in bank 0.  Ensure that bank bits are correct.
Message[302] C:\USERS\CAMILO\DOCUMENTS\DOCUMENTS\CAMILO\MICROCONTROLADORES\I_2017\CONTADORLAB1\CONTA.X\CONVERSOR.ASM 46 : Register in operand not in bank 0.  Ensure that bank bits are correct.
Message[302] C:\USERS\CAMILO\DOCUMENTS\DOCUMENTS\CAMILO\MICROCONTROLADORES\I_2017\CONTADORLAB1\CONTA.X\CONVERSOR.ASM 48 : Register in operand not in bank 0.  Ensure that bank bits are correct.
Message[302] C:\USERS\CAMILO\DOCUMENTS\DOCUMENTS\CAMILO\MICROCONTROLADORES\I_2017\CONTADORLAB1\CONTA.X\CONVERSOR.ASM 51 : Register in operand not in bank 0.  Ensure that bank bits are correct.
Message[302] C:\USERS\CAMILO\DOCUMENTS\DOCUMENTS\CAMILO\MICROCONTROLADORES\I_2017\CONTADORLAB1\CONTA.X\CONVERSOR.ASM 53 : Register in operand not in bank 0.  Ensure that bank bits are correct.
Message[302] C:\USERS\CAMILO\DOCUMENTS\DOCUMENTS\CAMILO\MICROCONTROLADORES\I_2017\CONTADORLAB1\CONTA.X\CONVERSOR.ASM 56 : Register in operand not in bank 0.  Ensure that bank bits are correct.
Message[302] C:\USERS\CAMILO\DOCUMENTS\DOCUMENTS\CAMILO\MICROCONTROLADORES\I_2017\CONTADORLAB1\CONTA.X\CONVERSOR.ASM 57 : Register in operand not in bank 0.  Ensure that bank bits are correct.
Message[302] C:\USERS\CAMILO\DOCUMENTS\DOCUMENTS\CAMILO\MICROCONTROLADORES\I_2017\CONTADORLAB1\CONTA.X\CONVERSOR.ASM 58 : Register in operand not in bank 0.  Ensure that bank bits are correct.
Message[305] C:\USERS\CAMILO\DOCUMENTS\DOCUMENTS\CAMILO\MICROCONTROLADORES\I_2017\CONTADORLAB1\CONTA.X\CONVERSOR.ASM 155 : Using default destination of 1 (file).
Message[305] C:\USERS\CAMILO\DOCUMENTS\DOCUMENTS\CAMILO\MICROCONTROLADORES\I_2017\CONTADORLAB1\CONTA.X\TEMPO.INC 10 : Using default destination of 1 (file).
Message[305] C:\USERS\CAMILO\DOCUMENTS\DOCUMENTS\CAMILO\MICROCONTROLADORES\I_2017\CONTADORLAB1\CONTA.X\TEMPO.INC 12 : Using default destination of 1 (file).
Message[305] C:\USERS\CAMILO\DOCUMENTS\DOCUMENTS\CAMILO\MICROCONTROLADORES\I_2017\CONTADORLAB1\CONTA.X\TEMPO.INC 14 : Using default destination of 1 (file).
Message[305] C:\USERS\CAMILO\DOCUMENTS\DOCUMENTS\CAMILO\MICROCONTROLADORES\I_2017\CONTADORLAB1\CONTA.X\TEMPO.INC 25 : Using default destination of 1 (file).
Message[305] C:\USERS\CAMILO\DOCUMENTS\DOCUMENTS\CAMILO\MICROCONTROLADORES\I_2017\CONTADORLAB1\CONTA.X\TEMPO.INC 27 : Using default destination of 1 (file).
Message[305] C:\USERS\CAMILO\DOCUMENTS\DOCUMENTS\CAMILO\MICROCONTROLADORES\I_2017\CONTADORLAB1\CONTA.X\TEMPO.INC 29 : Using default destination of 1 (file).
Message[303] C:\USERS\CAMILO\DOCUMENTS\DOCUMENTS\CAMILO\MICROCONTROLADORES\I_2017\CONTADORLAB1\CONTA.X\CONVERSOR.ASM 187 : Program word too large.  Truncated to core size. (E234)
Message[303] C:\USERS\CAMILO\DOCUMENTS\DOCUMENTS\CAMILO\MICROCONTROLADORES\I_2017\CONTADORLAB1\CONTA.X\CONVERSOR.ASM 187 : Program word too large.  Truncated to core size. (FEFF)
